<?xml version="1.0" encoding="UTF-8"?>
<!-- Generated by org.testng.reporters.JUnitReportReporter -->
<testsuite hostname="DESKTOP-S1NRV2S" failures="0" tests="5" name="TestClass1.TestClassWithTestNG" time="87.897" errors="0" timestamp="2022-02-11T10:39:04 IST" skipped="0">
  <testcase classname="TestClass1.TestClassWithTestNG" name="verifyPrintCustomerTable" time="10.232"/>
  <system-out/>
  <testcase classname="TestClass1.TestClassWithTestNG" name="verifyRecruitmentCandidateSearch" time="16.086"/>
  <system-out/>
  <testcase classname="TestClass1.TestClassWithTestNG" name="verifyFillAddEmployeeForm" time="31.041"/>
  <system-out/>
  <testcase classname="TestClass1.TestClassWithTestNG" name="verifyTakeScreenShotOnBuzz" time="15.255"/>
  <system-out/>
  <testcase classname="TestClass1.TestClassWithTestNG" name="verifyTitleAfterLogin" time="15.283"/>
  <system-out/>
</testsuite> <!-- TestClass1.TestClassWithTestNG -->
