<?xml version="1.0" encoding="UTF-8"?>
<!-- Generated by org.testng.reporters.JUnitReportReporter -->
<testsuite hostname="DESKTOP-S1NRV2S" failures="0" tests="2" name="TestClass1.Demo1" time="0.048" errors="0" timestamp="2022-02-10T00:48:09 IST" skipped="0">
  <testcase classname="TestClass1.Demo1" name="test2" time="0.043"/>
  <system-out/>
  <testcase classname="TestClass1.Demo1" name="testa" time="0.005"/>
  <system-out/>
</testsuite> <!-- TestClass1.Demo1 -->
