<?xml version="1.0" encoding="UTF-8"?>
<!-- Generated by org.testng.reporters.JUnitReportReporter -->
<testsuite hostname="DESKTOP-S1NRV2S" failures="0" tests="2" name="TestClass1.Demo2" time="0.010" errors="0" timestamp="2022-02-10T00:48:09 IST" skipped="0">
  <testcase classname="TestClass1.Demo2" name="test" time="0.004"/>
  <system-out/>
  <testcase classname="TestClass1.Demo2" name="test2" time="0.006"/>
  <system-out/>
</testsuite> <!-- TestClass1.Demo2 -->
